RUN	org.example.PageHome	pagehome	1593348309149	 	3.3.1
USER	PageHome1	8	START	1593348310500	1593348310500
USER	PageHome1	9	START	1593348310500	1593348310500
USER	PageHome1	1	START	1593348310499	1593348310499
USER	PageHome1	10	START	1593348310500	1593348310500
USER	PageHome1	4	START	1593348310499	1593348310499
USER	PageHome1	2	START	1593348310499	1593348310499
USER	PageHome1	6	START	1593348310499	1593348310499
USER	PageHome1	7	START	1593348310499	1593348310499
USER	PageHome1	5	START	1593348310499	1593348310499
USER	PageHome1	3	START	1593348310499	1593348310499
REQUEST	3		count	1593348310593	1593348310839	OK	 
REQUEST	4		count	1593348310591	1593348310839	OK	 
REQUEST	5		count	1593348310594	1593348310839	OK	 
REQUEST	10		count	1593348310591	1593348310839	OK	 
REQUEST	1		count	1593348310592	1593348310839	OK	 
REQUEST	8		count	1593348310593	1593348310839	OK	 
REQUEST	6		count	1593348310591	1593348310839	OK	 
REQUEST	7		count	1593348310592	1593348310839	OK	 
REQUEST	9		count	1593348310591	1593348310893	OK	 
REQUEST	2		count	1593348310591	1593348310893	OK	 
REQUEST	7		PageHome	1593348310890	1593348310924	OK	 
REQUEST	5		PageHome	1593348310890	1593348310925	OK	 
REQUEST	8		PageHome	1593348310890	1593348310928	OK	 
REQUEST	10		PageHome	1593348310890	1593348310940	OK	 
REQUEST	6		PageHome	1593348310890	1593348310940	OK	 
REQUEST	1		PageHome	1593348310890	1593348310942	OK	 
REQUEST	4		PageHome	1593348310891	1593348310955	OK	 
REQUEST	2		PageHome	1593348310895	1593348310967	OK	 
REQUEST	3		PageHome	1593348310890	1593348310967	OK	 
REQUEST	9		PageHome	1593348310895	1593348310969	OK	 
REQUEST	6		courses	1593348310890	1593348310974	OK	 
REQUEST	8		courses	1593348310892	1593348310979	OK	 
REQUEST	9		courses	1593348310896	1593348310979	OK	 
REQUEST	3		courses	1593348310891	1593348310981	OK	 
REQUEST	7		courses	1593348310891	1593348310981	OK	 
REQUEST	2		courses	1593348310896	1593348310981	OK	 
USER	PageHome1	8	END	1593348310500	1593348310983
USER	PageHome1	9	END	1593348310500	1593348310983
REQUEST	1		courses	1593348310891	1593348310984	OK	 
USER	PageHome1	7	END	1593348310499	1593348310983
USER	PageHome1	6	END	1593348310499	1593348310983
USER	PageHome1	3	END	1593348310499	1593348310984
USER	PageHome1	2	END	1593348310499	1593348310984
REQUEST	10		courses	1593348310890	1593348310984	OK	 
USER	PageHome1	1	END	1593348310499	1593348310985
USER	PageHome1	10	END	1593348310500	1593348310986
REQUEST	5		courses	1593348310893	1593348310985	OK	 
USER	PageHome1	5	END	1593348310499	1593348310987
REQUEST	4		courses	1593348310892	1593348310991	OK	 
USER	PageHome1	4	END	1593348310499	1593348310993
