RUN	org.example.PageHome1	pagehome1	1593308800899	 	3.3.1
USER	PageHome1	1	START	1593308802444	1593308802444
USER	PageHome1	8	START	1593308802445	1593308802445
USER	PageHome1	9	START	1593308802445	1593308802445
USER	PageHome1	10	START	1593308802445	1593308802445
USER	PageHome1	4	START	1593308802444	1593308802444
USER	PageHome1	5	START	1593308802444	1593308802444
USER	PageHome1	7	START	1593308802445	1593308802445
USER	PageHome1	2	START	1593308802444	1593308802444
USER	PageHome1	6	START	1593308802445	1593308802445
USER	PageHome1	3	START	1593308802444	1593308802444
REQUEST	10		count	1593308802527	1593308802631	OK	 
REQUEST	7		count	1593308802528	1593308802637	OK	 
REQUEST	3		count	1593308802535	1593308802631	OK	 
REQUEST	9		count	1593308802527	1593308802633	OK	 
REQUEST	4		count	1593308802529	1593308802631	OK	 
REQUEST	5		count	1593308802529	1593308802631	OK	 
REQUEST	6		count	1593308802535	1593308802631	OK	 
REQUEST	8		count	1593308802527	1593308802632	OK	 
REQUEST	2		count	1593308802527	1593308802688	OK	 
REQUEST	1		count	1593308802527	1593308802688	OK	 
REQUEST	1		PageHome	1593308802690	1593308802736	OK	 
REQUEST	2		PageHome	1593308802690	1593308802739	OK	 
REQUEST	7		PageHome	1593308802685	1593308802739	OK	 
REQUEST	6		PageHome	1593308802685	1593308802739	OK	 
REQUEST	5		PageHome	1593308802686	1593308802740	OK	 
REQUEST	9		PageHome	1593308802685	1593308802742	OK	 
REQUEST	8		PageHome	1593308802689	1593308802742	OK	 
REQUEST	4		PageHome	1593308802685	1593308802742	OK	 
REQUEST	3		PageHome	1593308802685	1593308802745	OK	 
REQUEST	10		PageHome	1593308802685	1593308802747	OK	 
REQUEST	8		courses	1593308802690	1593308802755	OK	 
REQUEST	10		courses	1593308802686	1593308802756	OK	 
REQUEST	6		courses	1593308802687	1593308802758	OK	 
REQUEST	4		courses	1593308802687	1593308802759	OK	 
REQUEST	3		courses	1593308802686	1593308802759	OK	 
REQUEST	5		courses	1593308802686	1593308802761	OK	 
REQUEST	1		courses	1593308802690	1593308802764	OK	 
REQUEST	7		courses	1593308802687	1593308802764	OK	 
USER	PageHome1	3	END	1593308802444	1593308802766
USER	PageHome1	6	END	1593308802445	1593308802768
USER	PageHome1	5	END	1593308802444	1593308802770
USER	PageHome1	1	END	1593308802444	1593308802773
USER	PageHome1	4	END	1593308802444	1593308802774
REQUEST	9		courses	1593308802686	1593308802773	OK	 
USER	PageHome1	9	END	1593308802445	1593308802775
USER	PageHome1	7	END	1593308802445	1593308802776
USER	PageHome1	8	END	1593308802445	1593308802776
USER	PageHome1	10	END	1593308802445	1593308802777
REQUEST	2		courses	1593308802690	1593308802778	OK	 
USER	PageHome1	2	END	1593308802444	1593308802779
