RUN	org.example.PageHome1	pagehome1	1592819133946	 	3.3.1
USER	PageHome1	2	START	1592819136473	1592819136473
USER	PageHome1	8	START	1592819136475	1592819136475
USER	PageHome1	4	START	1592819136474	1592819136474
USER	PageHome1	1	START	1592819136473	1592819136473
USER	PageHome1	5	START	1592819136474	1592819136474
USER	PageHome1	7	START	1592819136475	1592819136475
USER	PageHome1	3	START	1592819136473	1592819136473
USER	PageHome1	9	START	1592819136474	1592819136474
USER	PageHome1	6	START	1592819136474	1592819136474
USER	PageHome1	10	START	1592819136475	1592819136475
REQUEST	10		count	1592819136517	1592819141187	OK	 
REQUEST	5		count	1592819136517	1592819141187	OK	 
REQUEST	8		count	1592819136517	1592819141187	OK	 
REQUEST	3		count	1592819136517	1592819141187	OK	 
REQUEST	7		count	1592819136520	1592819141187	OK	 
REQUEST	6		count	1592819136517	1592819141187	OK	 
REQUEST	4		count	1592819136518	1592819141187	OK	 
REQUEST	9		count	1592819136517	1592819141187	OK	 
REQUEST	2		count	1592819136518	1592819141245	OK	 
REQUEST	1		count	1592819136519	1592819141247	OK	 
REQUEST	10		PageHome	1592819141243	1592819141270	OK	 
REQUEST	9		PageHome	1592819141242	1592819141272	OK	 
REQUEST	4		PageHome	1592819141245	1592819141273	OK	 
REQUEST	3		PageHome	1592819141242	1592819141274	OK	 
REQUEST	8		PageHome	1592819141243	1592819141274	OK	 
REQUEST	7		PageHome	1592819141243	1592819141275	OK	 
REQUEST	6		PageHome	1592819141244	1592819141275	OK	 
REQUEST	1		PageHome	1592819141250	1592819141276	OK	 
REQUEST	2		PageHome	1592819141247	1592819141276	OK	 
REQUEST	5		PageHome	1592819141242	1592819141279	OK	 
REQUEST	6		courses	1592819141245	1592819141290	OK	 
REQUEST	7		courses	1592819141244	1592819141292	OK	 
REQUEST	8		courses	1592819141244	1592819141294	OK	 
REQUEST	4		courses	1592819141247	1592819141297	OK	 
REQUEST	9		courses	1592819141245	1592819141297	OK	 
REQUEST	10		courses	1592819141243	1592819141298	OK	 
USER	PageHome1	9	END	1592819136474	1592819141304
REQUEST	1		courses	1592819141251	1592819141305	OK	 
USER	PageHome1	1	END	1592819136473	1592819141306
REQUEST	3		courses	1592819141243	1592819141305	OK	 
USER	PageHome1	8	END	1592819136475	1592819141307
USER	PageHome1	3	END	1592819136473	1592819141308
REQUEST	5		courses	1592819141243	1592819141310	OK	 
USER	PageHome1	5	END	1592819136474	1592819141312
USER	PageHome1	6	END	1592819136474	1592819141314
USER	PageHome1	10	END	1592819136475	1592819141315
REQUEST	2		courses	1592819141248	1592819141317	OK	 
USER	PageHome1	4	END	1592819136474	1592819141318
USER	PageHome1	2	END	1592819136473	1592819141318
USER	PageHome1	7	END	1592819136475	1592819141319
