RUN	org.example.PageHome1	pagehome1	1592820260053	 	3.3.1
USER	PageHome1	5	START	1592820261418	1592820261418
USER	PageHome1	1	START	1592820261418	1592820261418
USER	PageHome1	8	START	1592820261418	1592820261418
USER	PageHome1	4	START	1592820261418	1592820261418
USER	PageHome1	10	START	1592820261418	1592820261418
USER	PageHome1	2	START	1592820261418	1592820261418
USER	PageHome1	6	START	1592820261418	1592820261418
USER	PageHome1	7	START	1592820261418	1592820261418
USER	PageHome1	9	START	1592820261418	1592820261418
USER	PageHome1	3	START	1592820261418	1592820261418
REQUEST	6		count	1592820261506	1592820261857	OK	 
REQUEST	5		count	1592820261506	1592820261855	OK	 
REQUEST	8		count	1592820261516	1592820261857	OK	 
REQUEST	2		count	1592820261505	1592820261857	OK	 
REQUEST	1		count	1592820261512	1592820261858	OK	 
REQUEST	4		count	1592820261512	1592820261855	OK	 
REQUEST	7		count	1592820261506	1592820261860	OK	 
REQUEST	3		count	1592820261517	1592820261857	OK	 
REQUEST	10		count	1592820261509	1592820261916	OK	 
REQUEST	9		count	1592820261506	1592820261921	OK	 
REQUEST	6		PageHome	1592820261913	1592820261949	OK	 
REQUEST	2		PageHome	1592820261914	1592820262616	OK	 
REQUEST	3		PageHome	1592820261915	1592820262616	OK	 
REQUEST	9		PageHome	1592820261924	1592820262618	OK	 
REQUEST	4		PageHome	1592820261917	1592820262618	OK	 
REQUEST	1		PageHome	1592820261911	1592820262618	OK	 
REQUEST	7		PageHome	1592820261918	1592820262619	OK	 
REQUEST	5		PageHome	1592820261915	1592820262620	OK	 
REQUEST	10		PageHome	1592820261919	1592820262620	OK	 
REQUEST	8		PageHome	1592820261911	1592820262621	OK	 
REQUEST	5		courses	1592820261916	1592820262626	OK	 
USER	PageHome1	5	END	1592820261418	1592820262632
REQUEST	8		courses	1592820261911	1592820262635	OK	 
USER	PageHome1	8	END	1592820261418	1592820262636
REQUEST	6		courses	1592820261913	1592820262643	OK	 
USER	PageHome1	6	END	1592820261418	1592820262644
REQUEST	7		courses	1592820261919	1592820262654	OK	 
REQUEST	2		courses	1592820261915	1592820262654	OK	 
USER	PageHome1	7	END	1592820261418	1592820262655
USER	PageHome1	2	END	1592820261418	1592820262657
REQUEST	10		courses	1592820261920	1592820262675	OK	 
REQUEST	3		courses	1592820261915	1592820262675	OK	 
REQUEST	4		courses	1592820261920	1592820262676	OK	 
REQUEST	9		courses	1592820261925	1592820262676	OK	 
USER	PageHome1	4	END	1592820261418	1592820262678
USER	PageHome1	10	END	1592820261418	1592820262678
USER	PageHome1	3	END	1592820261418	1592820262678
USER	PageHome1	9	END	1592820261418	1592820262680
REQUEST	1		courses	1592820261912	1592820262899	OK	 
USER	PageHome1	1	END	1592820261418	1592820262901
